<?xml version="1.0" encoding="UTF-8"?>
<!-- Generated by org.testng.reporters.JUnitReportReporter -->
<testsuite hostname="DESKTOP-EENSDV0" failures="0" tests="3" name="executable.Testcase1" time="81.286" errors="0" timestamp="22 Oct 2022 12:48:01 GMT" skipped="0">
  <testcase classname="executable.Testcase1" name="TC_016" time="23.101"/>
  <testcase classname="executable.Testcase1" name="TC_012" time="37.552"/>
  <testcase classname="executable.Testcase1" name="TC_017" time="20.633"/>
</testsuite> <!-- executable.Testcase1 -->
